  Boid.cpp
C:\Users\gameuser\Desktop\Flock(6)\Flock\Boids\Boid.cpp(7,10): fatal error C1083: Cannot open include file: 'SFML/Graphics.hpp': No such file or directory
  Flock.cpp
C:\Users\gameuser\Desktop\Flock(6)\Flock\Boids\Boid.h(44,42): warning C4244: 'argument': conversion from 'int' to 'float', possible loss of data
C:\Users\gameuser\Desktop\Flock(6)\Flock\Boids\Boid.h(44,30): warning C4244: 'argument': conversion from 'int' to 'float', possible loss of data
C:\Users\gameuser\Desktop\Flock(6)\Flock\Boids\Boid.h(55,43): warning C4244: 'argument': conversion from 'int' to 'float', possible loss of data
C:\Users\gameuser\Desktop\Flock(6)\Flock\Boids\Boid.h(55,31): warning C4244: 'argument': conversion from 'int' to 'float', possible loss of data
C:\Users\gameuser\Desktop\Flock(6)\Flock\Boids\Boid.h(59,43): warning C4244: 'argument': conversion from 'int' to 'float', possible loss of data
C:\Users\gameuser\Desktop\Flock(6)\Flock\Boids\Boid.h(59,31): warning C4244: 'argument': conversion from 'int' to 'float', possible loss of data
C:\Users\gameuser\Desktop\Flock(6)\Flock\Boids\Flock.cpp(29,20): warning C4018: '<': signed/unsigned mismatch
C:\Users\gameuser\Desktop\Flock(6)\Flock\Boids\Flock.cpp(38,20): warning C4018: '<': signed/unsigned mismatch
  Game.cpp
C:\Users\gameuser\Desktop\Flock(6)\Flock\Boids\Boid.h(44,42): warning C4244: 'argument': conversion from 'int' to 'float', possible loss of data
C:\Users\gameuser\Desktop\Flock(6)\Flock\Boids\Boid.h(44,30): warning C4244: 'argument': conversion from 'int' to 'float', possible loss of data
C:\Users\gameuser\Desktop\Flock(6)\Flock\Boids\Boid.h(55,43): warning C4244: 'argument': conversion from 'int' to 'float', possible loss of data
C:\Users\gameuser\Desktop\Flock(6)\Flock\Boids\Boid.h(55,31): warning C4244: 'argument': conversion from 'int' to 'float', possible loss of data
C:\Users\gameuser\Desktop\Flock(6)\Flock\Boids\Boid.h(59,43): warning C4244: 'argument': conversion from 'int' to 'float', possible loss of data
C:\Users\gameuser\Desktop\Flock(6)\Flock\Boids\Boid.h(59,31): warning C4244: 'argument': conversion from 'int' to 'float', possible loss of data
C:\Users\gameuser\Desktop\Flock(6)\Flock\Boids\Game.h(9,10): fatal error C1083: Cannot open include file: 'SFML/Window.hpp': No such file or directory
  main.cpp
C:\Users\gameuser\Desktop\Flock(6)\Flock\Boids\Boid.h(44,42): warning C4244: 'argument': conversion from 'int' to 'float', possible loss of data
C:\Users\gameuser\Desktop\Flock(6)\Flock\Boids\Boid.h(44,30): warning C4244: 'argument': conversion from 'int' to 'float', possible loss of data
C:\Users\gameuser\Desktop\Flock(6)\Flock\Boids\Boid.h(55,43): warning C4244: 'argument': conversion from 'int' to 'float', possible loss of data
C:\Users\gameuser\Desktop\Flock(6)\Flock\Boids\Boid.h(55,31): warning C4244: 'argument': conversion from 'int' to 'float', possible loss of data
C:\Users\gameuser\Desktop\Flock(6)\Flock\Boids\Boid.h(59,43): warning C4244: 'argument': conversion from 'int' to 'float', possible loss of data
C:\Users\gameuser\Desktop\Flock(6)\Flock\Boids\Boid.h(59,31): warning C4244: 'argument': conversion from 'int' to 'float', possible loss of data
C:\Users\gameuser\Desktop\Flock(6)\Flock\Boids\main.cpp(20,10): fatal error C1083: Cannot open include file: 'SFML/Window.hpp': No such file or directory
  Pvector.cpp
C:\Users\gameuser\Desktop\Flock(6)\Flock\Boids\Pvector.cpp(88,19): warning C4244: 'argument': conversion from 'double' to 'float', possible loss of data
C:\Users\gameuser\Desktop\Flock(6)\Flock\Boids\Pvector.cpp(88,9): warning C4244: 'argument': conversion from 'double' to 'float', possible loss of data
C:\Users\gameuser\Desktop\Flock(6)\Flock\Boids\Pvector.cpp(135,12): warning C4305: 'return': truncation from 'double' to 'float'
C:\Users\gameuser\Desktop\Flock(6)\Flock\Boids\Pvector.cpp(140,12): warning C4244: 'initializing': conversion from 'double' to 'float', possible loss of data
