c:\oisin\projects\formation\boids\debug\vc120.pdb
c:\oisin\projects\formation\boids\debug\vc120.idb
c:\oisin\projects\formation\boids\debug\boid.obj
c:\oisin\projects\formation\boids\debug\flock.obj
c:\oisin\projects\formation\boids\debug\main.obj
c:\oisin\projects\formation\boids\debug\vc141.pdb
c:\oisin\projects\formation\boids\debug\vc141.idb
c:\oisin\projects\formation\boids\debug\vc142.pdb
c:\oisin\projects\formation\boids\debug\vc142.idb
c:\oisin\projects\formation\boids\debug\pvector.obj
c:\oisin\projects\formation\boids\debug\game.obj
c:\oisin\projects\formation\debug\formation.exe
c:\oisin\projects\formation\debug\formation.ilk
c:\oisin\projects\formation\debug\formation.pdb
c:\oisin\projects\formation\boids\debug\vc140.idb
c:\oisin\projects\formation\boids\debug\vc140.pdb
c:\oisin\projects\formation\boids\debug\formation.tlog\cl.command.1.tlog
c:\oisin\projects\formation\boids\debug\formation.tlog\cl.read.1.tlog
c:\oisin\projects\formation\boids\debug\formation.tlog\cl.write.1.tlog
c:\oisin\projects\formation\boids\debug\formation.tlog\link.command.1.tlog
c:\oisin\projects\formation\boids\debug\formation.tlog\link.delete.1.tlog
c:\oisin\projects\formation\boids\debug\formation.tlog\link.read.1.tlog
c:\oisin\projects\formation\boids\debug\formation.tlog\link.write.1.tlog
