C:\Program Files\Microsoft Visual Studio\2022\Community\MSBuild\Microsoft\VC\v170\Microsoft.CppBuild.targets(514,5): warning MSB8028: The intermediate directory (x64\Debug\) contains files shared from another project (Boids.vcxproj).  This can lead to incorrect clean and rebuild behavior.
  Boid.cpp
C:\Users\gameuser\Desktop\Games4\AI\AI-Lab\Formation\Boids\Boid.h(48,49): warning C4244: 'argument': conversion from 'int' to 'float', possible loss of data
C:\Users\gameuser\Desktop\Games4\AI\AI-Lab\Formation\Boids\Boid.h(48,33): warning C4244: 'argument': conversion from 'int' to 'float', possible loss of data
C:\Users\gameuser\Desktop\Games4\AI\AI-Lab\Formation\Boids\Boid.h(61,50): warning C4244: 'argument': conversion from 'int' to 'float', possible loss of data
C:\Users\gameuser\Desktop\Games4\AI\AI-Lab\Formation\Boids\Boid.h(61,34): warning C4244: 'argument': conversion from 'int' to 'float', possible loss of data
C:\Users\gameuser\Desktop\Games4\AI\AI-Lab\Formation\Boids\Boid.h(66,50): warning C4244: 'argument': conversion from 'int' to 'float', possible loss of data
C:\Users\gameuser\Desktop\Games4\AI\AI-Lab\Formation\Boids\Boid.h(66,34): warning C4244: 'argument': conversion from 'int' to 'float', possible loss of data
C:\Users\gameuser\Desktop\Games4\AI\AI-Lab\Formation\Boids\Boid.cpp(64,18): warning C4244: 'initializing': conversion from 'double' to 'float', possible loss of data
C:\Users\gameuser\Desktop\Games4\AI\AI-Lab\Formation\Boids\Boid.cpp(73,13): warning C4244: 'initializing': conversion from 'double' to 'float', possible loss of data
C:\Users\gameuser\Desktop\Games4\AI\AI-Lab\Formation\Boids\Boid.cpp(212,17): warning C4244: 'argument': conversion from 'int' to 'float', possible loss of data
C:\Users\gameuser\Desktop\Games4\AI\AI-Lab\Formation\Boids\Boid.cpp(305,35): warning C4244: '=': conversion from 'const int' to 'float', possible loss of data
C:\Users\gameuser\Desktop\Games4\AI\AI-Lab\Formation\Boids\Boid.cpp(350,12): warning C4244: 'initializing': conversion from 'double' to 'float', possible loss of data
C:\Users\gameuser\Desktop\Games4\AI\AI-Lab\Formation\Boids\Boid.cpp(360,17): warning C4244: 'argument': conversion from 'int' to 'float', possible loss of data
  Flock.cpp
C:\Users\gameuser\Desktop\Games4\AI\AI-Lab\Formation\Boids\Boid.h(48,49): warning C4244: 'argument': conversion from 'int' to 'float', possible loss of data
C:\Users\gameuser\Desktop\Games4\AI\AI-Lab\Formation\Boids\Boid.h(48,33): warning C4244: 'argument': conversion from 'int' to 'float', possible loss of data
C:\Users\gameuser\Desktop\Games4\AI\AI-Lab\Formation\Boids\Boid.h(61,50): warning C4244: 'argument': conversion from 'int' to 'float', possible loss of data
C:\Users\gameuser\Desktop\Games4\AI\AI-Lab\Formation\Boids\Boid.h(61,34): warning C4244: 'argument': conversion from 'int' to 'float', possible loss of data
C:\Users\gameuser\Desktop\Games4\AI\AI-Lab\Formation\Boids\Boid.h(66,50): warning C4244: 'argument': conversion from 'int' to 'float', possible loss of data
C:\Users\gameuser\Desktop\Games4\AI\AI-Lab\Formation\Boids\Boid.h(66,34): warning C4244: 'argument': conversion from 'int' to 'float', possible loss of data
C:\Users\gameuser\Desktop\Games4\AI\AI-Lab\Formation\Boids\Flock.cpp(13,21): warning C4267: 'return': conversion from 'size_t' to 'int', possible loss of data
C:\Users\gameuser\Desktop\Games4\AI\AI-Lab\Formation\Boids\Flock.cpp(50,30): warning C4305: 'initializing': truncation from 'double' to 'float'
C:\Users\gameuser\Desktop\Games4\AI\AI-Lab\Formation\Boids\Flock.cpp(51,26): warning C4267: 'initializing': conversion from 'size_t' to 'int', possible loss of data
  Game.cpp
C:\Users\gameuser\Desktop\Games4\AI\AI-Lab\Formation\Boids\Boid.h(48,49): warning C4244: 'argument': conversion from 'int' to 'float', possible loss of data
C:\Users\gameuser\Desktop\Games4\AI\AI-Lab\Formation\Boids\Boid.h(48,33): warning C4244: 'argument': conversion from 'int' to 'float', possible loss of data
C:\Users\gameuser\Desktop\Games4\AI\AI-Lab\Formation\Boids\Boid.h(61,50): warning C4244: 'argument': conversion from 'int' to 'float', possible loss of data
C:\Users\gameuser\Desktop\Games4\AI\AI-Lab\Formation\Boids\Boid.h(61,34): warning C4244: 'argument': conversion from 'int' to 'float', possible loss of data
C:\Users\gameuser\Desktop\Games4\AI\AI-Lab\Formation\Boids\Boid.h(66,50): warning C4244: 'argument': conversion from 'int' to 'float', possible loss of data
C:\Users\gameuser\Desktop\Games4\AI\AI-Lab\Formation\Boids\Boid.h(66,34): warning C4244: 'argument': conversion from 'int' to 'float', possible loss of data
C:\Users\gameuser\Desktop\Games4\AI\AI-Lab\Formation\Boids\Game.cpp(39,42): warning C4244: 'argument': conversion from 'int' to 'float', possible loss of data
C:\Users\gameuser\Desktop\Games4\AI\AI-Lab\Formation\Boids\Game.cpp(39,23): warning C4244: 'argument': conversion from 'int' to 'float', possible loss of data
C:\Users\gameuser\Desktop\Games4\AI\AI-Lab\Formation\Boids\Game.cpp(46,35): warning C4244: 'argument': conversion from 'int' to 'float', possible loss of data
C:\Users\gameuser\Desktop\Games4\AI\AI-Lab\Formation\Boids\Game.cpp(46,21): warning C4244: 'argument': conversion from 'int' to 'float', possible loss of data
C:\Users\gameuser\Desktop\Games4\AI\AI-Lab\Formation\Boids\Game.cpp(156,36): warning C4244: 'argument': conversion from 'T' to 'float', possible loss of data
          with
          [
              T=int
          ]
C:\Users\gameuser\Desktop\Games4\AI\AI-Lab\Formation\Boids\Game.cpp(156,21): warning C4244: 'argument': conversion from 'T' to 'float', possible loss of data
          with
          [
              T=int
          ]
C:\Users\gameuser\Desktop\Games4\AI\AI-Lab\Formation\Boids\Game.cpp(160,47): warning C4244: 'argument': conversion from 'T' to 'float', possible loss of data
          with
          [
              T=int
          ]
C:\Users\gameuser\Desktop\Games4\AI\AI-Lab\Formation\Boids\Game.cpp(160,32): warning C4244: 'argument': conversion from 'T' to 'float', possible loss of data
          with
          [
              T=int
          ]
C:\Users\gameuser\Desktop\Games4\AI\AI-Lab\Formation\Boids\Game.cpp(197,9): warning C4101: 'theta': unreferenced local variable
  main.cpp
C:\Users\gameuser\Desktop\Games4\AI\AI-Lab\Formation\Boids\Boid.h(48,49): warning C4244: 'argument': conversion from 'int' to 'float', possible loss of data
C:\Users\gameuser\Desktop\Games4\AI\AI-Lab\Formation\Boids\Boid.h(48,33): warning C4244: 'argument': conversion from 'int' to 'float', possible loss of data
C:\Users\gameuser\Desktop\Games4\AI\AI-Lab\Formation\Boids\Boid.h(61,50): warning C4244: 'argument': conversion from 'int' to 'float', possible loss of data
C:\Users\gameuser\Desktop\Games4\AI\AI-Lab\Formation\Boids\Boid.h(61,34): warning C4244: 'argument': conversion from 'int' to 'float', possible loss of data
C:\Users\gameuser\Desktop\Games4\AI\AI-Lab\Formation\Boids\Boid.h(66,50): warning C4244: 'argument': conversion from 'int' to 'float', possible loss of data
C:\Users\gameuser\Desktop\Games4\AI\AI-Lab\Formation\Boids\Boid.h(66,34): warning C4244: 'argument': conversion from 'int' to 'float', possible loss of data
C:\Users\gameuser\Desktop\Games4\AI\AI-Lab\Formation\Boids\main.cpp(38,22): warning C4244: 'argument': conversion from 'time_t' to 'unsigned int', possible loss of data
  Pvector.cpp
C:\Users\gameuser\Desktop\Games4\AI\AI-Lab\Formation\Boids\Pvector.cpp(88,19): warning C4244: 'argument': conversion from 'double' to 'float', possible loss of data
C:\Users\gameuser\Desktop\Games4\AI\AI-Lab\Formation\Boids\Pvector.cpp(88,9): warning C4244: 'argument': conversion from 'double' to 'float', possible loss of data
C:\Users\gameuser\Desktop\Games4\AI\AI-Lab\Formation\Boids\Pvector.cpp(137,12): warning C4305: 'return': truncation from 'double' to 'float'
C:\Users\gameuser\Desktop\Games4\AI\AI-Lab\Formation\Boids\Pvector.cpp(142,12): warning C4244: 'initializing': conversion from 'double' to 'float', possible loss of data
  Generating Code...
Boid.obj : error LNK2019: unresolved external symbol "__declspec(dllimport) public: static class sf::VideoMode __cdecl sf::VideoMode::getDesktopMode(void)" (__imp_?getDesktopMode@VideoMode@sf@@SA?AV12@XZ) referenced in function "void __cdecl `dynamic initializer for 'desktopTemp''(void)" (??__EdesktopTemp@@YAXXZ)
Game.obj : error LNK2001: unresolved external symbol "__declspec(dllimport) public: static class sf::VideoMode __cdecl sf::VideoMode::getDesktopMode(void)" (__imp_?getDesktopMode@VideoMode@sf@@SA?AV12@XZ)
Game.obj : error LNK2019: unresolved external symbol "__declspec(dllimport) class sf::Time __cdecl sf::seconds(float)" (__imp_?seconds@sf@@YA?AVTime@1@M@Z) referenced in function "public: void __cdecl Game::run(void)" (?run@Game@@QEAAXXZ)
Game.obj : error LNK2019: unresolved external symbol "__declspec(dllimport) bool __cdecl sf::operator>(class sf::Time,class sf::Time)" (__imp_??Osf@@YA_NVTime@0@0@Z) referenced in function "public: void __cdecl Game::run(void)" (?run@Game@@QEAAXXZ)
Game.obj : error LNK2019: unresolved external symbol "__declspec(dllimport) class sf::Time & __cdecl sf::operator+=(class sf::Time &,class sf::Time)" (__imp_??Ysf@@YAAEAVTime@0@AEAV10@V10@@Z) referenced in function "public: void __cdecl Game::run(void)" (?run@Game@@QEAAXXZ)
Game.obj : error LNK2019: unresolved external symbol "__declspec(dllimport) class sf::Time & __cdecl sf::operator-=(class sf::Time &,class sf::Time)" (__imp_??Zsf@@YAAEAVTime@0@AEAV10@V10@@Z) referenced in function "public: void __cdecl Game::run(void)" (?run@Game@@QEAAXXZ)
Game.obj : error LNK2019: unresolved external symbol "__declspec(dllimport) public: __cdecl sf::Clock::Clock(void)" (__imp_??0Clock@sf@@QEAA@XZ) referenced in function "public: void __cdecl Game::run(void)" (?run@Game@@QEAAXXZ)
Game.obj : error LNK2019: unresolved external symbol "__declspec(dllimport) public: class sf::Time __cdecl sf::Clock::restart(void)" (__imp_?restart@Clock@sf@@QEAA?AVTime@2@XZ) referenced in function "public: void __cdecl Game::run(void)" (?run@Game@@QEAAXXZ)
Game.obj : error LNK2019: unresolved external symbol "__declspec(dllimport) public: __cdecl sf::String::String(char const *,class std::locale const &)" (__imp_??0String@sf@@QEAA@PEBDAEBVlocale@std@@@Z) referenced in function "public: __cdecl Game::Game(void)" (??0Game@@QEAA@XZ)
Game.obj : error LNK2019: unresolved external symbol "__declspec(dllimport) public: __cdecl sf::String::String(class std::basic_string<char,struct std::char_traits<char>,class std::allocator<char> > const &,class std::locale const &)" (__imp_??0String@sf@@QEAA@AEBV?$basic_string@DU?$char_traits@D@std@@V?$allocator@D@2@@std@@AEBVlocale@3@@Z) referenced in function "private: void __cdecl Game::update(class sf::Time)" (?update@Game@@AEAAXVTime@sf@@@Z)
Game.obj : error LNK2019: unresolved external symbol "__declspec(dllimport) public: __cdecl sf::String::~String(void)" (__imp_??1String@sf@@QEAA@XZ) referenced in function "public: __cdecl Game::Game(void)" (??0Game@@QEAA@XZ)
Game.obj : error LNK2019: unresolved external symbol "__declspec(dllimport) bool __cdecl sf::operator!=(class sf::String const &,class sf::String const &)" (__imp_??9sf@@YA_NAEBVString@0@0@Z) referenced in function "private: void __cdecl Game::update(class sf::Time)" (?update@Game@@AEAAXVTime@sf@@@Z)
Game.obj : error LNK2019: unresolved external symbol "__declspec(dllimport) class sf::String __cdecl sf::operator+(class sf::String const &,class sf::String const &)" (__imp_??Hsf@@YA?AVString@0@AEBV10@0@Z) referenced in function "private: void __cdecl Game::update(class sf::Time)" (?update@Game@@AEAAXVTime@sf@@@Z)
Game.obj : error LNK2019: unresolved external symbol "__declspec(dllimport) public: static class sf::Vector2<int> __cdecl sf::Mouse::getPosition(class sf::Window const &)" (__imp_?getPosition@Mouse@sf@@SA?AV?$Vector2@H@2@AEBVWindow@2@@Z) referenced in function "private: void __cdecl Game::processMouse(class sf::Event)" (?processMouse@Game@@AEAAXVEvent@sf@@@Z)
Game.obj : error LNK2019: unresolved external symbol "__declspec(dllimport) public: __cdecl sf::VideoMode::VideoMode(unsigned int,unsigned int,unsigned int)" (__imp_??0VideoMode@sf@@QEAA@III@Z) referenced in function "public: __cdecl Game::Game(void)" (??0Game@@QEAA@XZ)
Game.obj : error LNK2019: unresolved external symbol "__declspec(dllimport) public: void __cdecl sf::Window::create(class sf::VideoMode,class sf::String const &,unsigned int,struct sf::ContextSettings const &)" (__imp_?create@Window@sf@@QEAAXVVideoMode@2@AEBVString@2@IAEBUContextSettings@2@@Z) referenced in function "public: __cdecl Game::Game(void)" (??0Game@@QEAA@XZ)
Game.obj : error LNK2019: unresolved external symbol "__declspec(dllimport) public: void __cdecl sf::Window::close(void)" (__imp_?close@Window@sf@@QEAAXXZ) referenced in function "private: void __cdecl Game::update(class sf::Time)" (?update@Game@@AEAAXVTime@sf@@@Z)
Game.obj : error LNK2019: unresolved external symbol "__declspec(dllimport) public: bool __cdecl sf::Window::isOpen(void)const " (__imp_?isOpen@Window@sf@@QEBA_NXZ) referenced in function "public: void __cdecl Game::run(void)" (?run@Game@@QEAAXXZ)
Game.obj : error LNK2019: unresolved external symbol "__declspec(dllimport) public: bool __cdecl sf::Window::pollEvent(class sf::Event &)" (__imp_?pollEvent@Window@sf@@QEAA_NAEAVEvent@2@@Z) referenced in function "private: void __cdecl Game::processEvents(void)" (?processEvents@Game@@AEAAXXZ)
Game.obj : error LNK2019: unresolved external symbol "__declspec(dllimport) public: void __cdecl sf::Window::setVerticalSyncEnabled(bool)" (__imp_?setVerticalSyncEnabled@Window@sf@@QEAAX_N@Z) referenced in function "public: __cdecl Game::Game(void)" (??0Game@@QEAA@XZ)
Game.obj : error LNK2019: unresolved external symbol "__declspec(dllimport) public: void __cdecl sf::Window::display(void)" (__imp_?display@Window@sf@@QEAAXXZ) referenced in function "private: void __cdecl Game::render(void)" (?render@Game@@AEAAXXZ)
Game.obj : error LNK2019: unresolved external symbol "__declspec(dllimport) public: void __cdecl sf::Transformable::setPosition(float,float)" (__imp_?setPosition@Transformable@sf@@QEAAXMM@Z) referenced in function "public: __cdecl Game::Game(void)" (??0Game@@QEAA@XZ)
Game.obj : error LNK2019: unresolved external symbol "__declspec(dllimport) public: void __cdecl sf::Transformable::setRotation(float)" (__imp_?setRotation@Transformable@sf@@QEAAXM@Z) referenced in function "private: void __cdecl Game::update(class sf::Time)" (?update@Game@@AEAAXVTime@sf@@@Z)
Game.obj : error LNK2019: unresolved external symbol "__declspec(dllimport) public: void __cdecl sf::Transformable::setOrigin(float,float)" (__imp_?setOrigin@Transformable@sf@@QEAAXMM@Z) referenced in function "public: __cdecl Game::Game(void)" (??0Game@@QEAA@XZ)
Game.obj : error LNK2019: unresolved external symbol "__declspec(dllimport) public: __cdecl sf::Color::Color(unsigned char,unsigned char,unsigned char,unsigned char)" (__imp_??0Color@sf@@QEAA@EEEE@Z) referenced in function "public: __cdecl Game::Game(void)" (??0Game@@QEAA@XZ)
Game.obj : error LNK2019: unresolved external symbol "__declspec(dllimport) public: void __cdecl sf::Shape::setFillColor(class sf::Color const &)" (__imp_?setFillColor@Shape@sf@@QEAAXAEBVColor@2@@Z) referenced in function "public: __cdecl Game::Game(void)" (??0Game@@QEAA@XZ)
Game.obj : error LNK2019: unresolved external symbol "__declspec(dllimport) public: void __cdecl sf::Shape::setOutlineColor(class sf::Color const &)" (__imp_?setOutlineColor@Shape@sf@@QEAAXAEBVColor@2@@Z) referenced in function "public: __cdecl Game::Game(void)" (??0Game@@QEAA@XZ)
Game.obj : error LNK2019: unresolved external symbol "__declspec(dllimport) public: void __cdecl sf::Shape::setOutlineThickness(float)" (__imp_?setOutlineThickness@Shape@sf@@QEAAXM@Z) referenced in function "public: __cdecl Game::Game(void)" (??0Game@@QEAA@XZ)
Game.obj : error LNK2019: unresolved external symbol "__declspec(dllimport) public: __cdecl sf::CircleShape::CircleShape(float,unsigned __int64)" (__imp_??0CircleShape@sf@@QEAA@M_K@Z) referenced in function "public: __cdecl Game::Game(void)" (??0Game@@QEAA@XZ)
Game.obj : error LNK2019: unresolved external symbol "__declspec(dllimport) public: void __cdecl sf::CircleShape::setRadius(float)" (__imp_?setRadius@CircleShape@sf@@QEAAXM@Z) referenced in function "public: __cdecl Game::Game(void)" (??0Game@@QEAA@XZ)
Game.obj : error LNK2019: unresolved external symbol "__declspec(dllimport) public: virtual __cdecl sf::CircleShape::~CircleShape(void)" (__imp_??1CircleShape@sf@@UEAA@XZ) referenced in function "public: __cdecl Game::Game(void)" (??0Game@@QEAA@XZ)
Game.obj : error LNK2019: unresolved external symbol "__declspec(dllimport) public: __cdecl sf::CircleShape::CircleShape(class sf::CircleShape const &)" (__imp_??0CircleShape@sf@@QEAA@AEBV01@@Z) referenced in function "public: static void __cdecl std::_Default_allocator_traits<class std::allocator<class sf::CircleShape> >::construct<class sf::CircleShape,class sf::CircleShape &>(class std::allocator<class sf::CircleShape> &,class sf::CircleShape * const,class sf::CircleShape &)" (??$construct@VCircleShape@sf@@AEAV12@@?$_Default_allocator_traits@V?$allocator@VCircleShape@sf@@@std@@@std@@SAXAEAV?$allocator@VCircleShape@sf@@@1@QEAVCircleShape@sf@@AEAV34@@Z)
Game.obj : error LNK2019: unresolved external symbol "__declspec(dllimport) public: __cdecl sf::CircleShape::CircleShape(class sf::CircleShape &&)" (__imp_??0CircleShape@sf@@QEAA@$$QEAV01@@Z) referenced in function "public: static void __cdecl std::_Default_allocator_traits<class std::allocator<class sf::CircleShape> >::construct<class sf::CircleShape,class sf::CircleShape>(class std::allocator<class sf::CircleShape> &,class sf::CircleShape * const,class sf::CircleShape &&)" (??$construct@VCircleShape@sf@@V12@@?$_Default_allocator_traits@V?$allocator@VCircleShape@sf@@@std@@@std@@SAXAEAV?$allocator@VCircleShape@sf@@@1@QEAVCircleShape@sf@@$$QEAV34@@Z)
Game.obj : error LNK2019: unresolved external symbol "__declspec(dllimport) public: __cdecl sf::Font::Font(void)" (__imp_??0Font@sf@@QEAA@XZ) referenced in function "public: __cdecl Game::Game(void)" (??0Game@@QEAA@XZ)
Game.obj : error LNK2019: unresolved external symbol "__declspec(dllimport) public: __cdecl sf::Font::~Font(void)" (__imp_??1Font@sf@@QEAA@XZ) referenced in function "int `public: __cdecl Game::Game(void)'::`1'::dtor$1" (?dtor$1@?0???0Game@@QEAA@XZ@4HA)
Game.obj : error LNK2019: unresolved external symbol "__declspec(dllimport) public: bool __cdecl sf::Font::loadFromFile(class std::basic_string<char,struct std::char_traits<char>,class std::allocator<char> > const &)" (__imp_?loadFromFile@Font@sf@@QEAA_NAEBV?$basic_string@DU?$char_traits@D@std@@V?$allocator@D@2@@std@@@Z) referenced in function "public: __cdecl Game::Game(void)" (??0Game@@QEAA@XZ)
Game.obj : error LNK2019: unresolved external symbol "__declspec(dllimport) public: void __cdecl sf::RenderTarget::clear(class sf::Color const &)" (__imp_?clear@RenderTarget@sf@@QEAAXAEBVColor@2@@Z) referenced in function "private: void __cdecl Game::update(class sf::Time)" (?update@Game@@AEAAXVTime@sf@@@Z)
Game.obj : error LNK2019: unresolved external symbol "__declspec(dllimport) public: void __cdecl sf::RenderTarget::draw(class sf::Drawable const &,class sf::RenderStates const &)" (__imp_?draw@RenderTarget@sf@@QEAAXAEBVDrawable@2@AEBVRenderStates@2@@Z) referenced in function "private: void __cdecl Game::render(void)" (?render@Game@@AEAAXXZ)
Game.obj : error LNK2019: unresolved external symbol "__declspec(dllimport) public: __cdecl sf::RenderWindow::RenderWindow(void)" (__imp_??0RenderWindow@sf@@QEAA@XZ) referenced in function "public: __cdecl Game::Game(void)" (??0Game@@QEAA@XZ)
Game.obj : error LNK2019: unresolved external symbol "__declspec(dllimport) public: virtual __cdecl sf::RenderWindow::~RenderWindow(void)" (__imp_??1RenderWindow@sf@@UEAA@XZ) referenced in function "int `public: __cdecl Game::Game(void)'::`1'::dtor$0" (?dtor$0@?0???0Game@@QEAA@XZ@4HA)
Game.obj : error LNK2019: unresolved external symbol "__declspec(dllimport) public: __cdecl sf::Text::Text(void)" (__imp_??0Text@sf@@QEAA@XZ) referenced in function "public: __cdecl Game::Game(void)" (??0Game@@QEAA@XZ)
Game.obj : error LNK2019: unresolved external symbol "__declspec(dllimport) public: void __cdecl sf::Text::setString(class sf::String const &)" (__imp_?setString@Text@sf@@QEAAXAEBVString@2@@Z) referenced in function "public: __cdecl Game::Game(void)" (??0Game@@QEAA@XZ)
Game.obj : error LNK2019: unresolved external symbol "__declspec(dllimport) public: void __cdecl sf::Text::setFont(class sf::Font const &)" (__imp_?setFont@Text@sf@@QEAAXAEBVFont@2@@Z) referenced in function "public: __cdecl Game::Game(void)" (??0Game@@QEAA@XZ)
Game.obj : error LNK2019: unresolved external symbol "__declspec(dllimport) public: void __cdecl sf::Text::setFillColor(class sf::Color const &)" (__imp_?setFillColor@Text@sf@@QEAAXAEBVColor@2@@Z) referenced in function "public: __cdecl Game::Game(void)" (??0Game@@QEAA@XZ)
Game.obj : error LNK2019: unresolved external symbol "__declspec(dllimport) public: class sf::String const & __cdecl sf::Text::getString(void)const " (__imp_?getString@Text@sf@@QEBAAEBVString@2@XZ) referenced in function "private: void __cdecl Game::update(class sf::Time)" (?update@Game@@AEAAXVTime@sf@@@Z)
Game.obj : error LNK2019: unresolved external symbol "__declspec(dllimport) public: virtual __cdecl sf::Text::~Text(void)" (__imp_??1Text@sf@@UEAA@XZ) referenced in function "int `public: __cdecl Game::Game(void)'::`1'::dtor$2" (?dtor$2@?0???0Game@@QEAA@XZ@4HA)
Game.obj : error LNK2001: unresolved external symbol "private: virtual void __cdecl sf::Shape::draw(class sf::RenderTarget &,class sf::RenderStates)const " (?draw@Shape@sf@@EEBAXAEAVRenderTarget@2@VRenderStates@2@@Z)
Game.obj : error LNK2001: unresolved external symbol "public: virtual unsigned __int64 __cdecl sf::CircleShape::getPointCount(void)const " (?getPointCount@CircleShape@sf@@UEBA_KXZ)
Game.obj : error LNK2001: unresolved external symbol "public: virtual class sf::Vector2<float> __cdecl sf::CircleShape::getPoint(unsigned __int64)const " (?getPoint@CircleShape@sf@@UEBA?AV?$Vector2@M@2@_K@Z)
Game.obj : error LNK2019: unresolved external symbol "__declspec(dllimport) public: static class sf::Time const sf::Time::Zero" (__imp_?Zero@Time@sf@@2V12@B) referenced in function "public: void __cdecl Game::run(void)" (?run@Game@@QEAAXXZ)
Game.obj : error LNK2019: unresolved external symbol "__declspec(dllimport) public: static class sf::RenderStates const sf::RenderStates::Default" (__imp_?Default@RenderStates@sf@@2V12@B) referenced in function "private: void __cdecl Game::render(void)" (?render@Game@@AEAAXXZ)
Game.obj : error LNK2019: unresolved external symbol "__declspec(dllimport) public: static class sf::Color const sf::Color::White" (__imp_?White@Color@sf@@2V12@B) referenced in function "public: __cdecl Game::Game(void)" (??0Game@@QEAA@XZ)
Game.obj : error LNK2019: unresolved external symbol "__declspec(dllimport) public: static class sf::Color const sf::Color::Red" (__imp_?Red@Color@sf@@2V12@B) referenced in function "private: void __cdecl Game::update(class sf::Time)" (?update@Game@@AEAAXVTime@sf@@@Z)
Game.obj : error LNK2019: unresolved external symbol "__declspec(dllimport) public: static class sf::Color const sf::Color::Green" (__imp_?Green@Color@sf@@2V12@B) referenced in function "public: __cdecl Game::Game(void)" (??0Game@@QEAA@XZ)
C:\SFML-2.5.1\lib\sfml-graphics-d.lib : warning LNK4272: library machine type 'x86' conflicts with target machine type 'x64'
C:\SFML-2.5.1\lib\sfml-window-d.lib : warning LNK4272: library machine type 'x86' conflicts with target machine type 'x64'
C:\SFML-2.5.1\lib\sfml-system-d.lib : warning LNK4272: library machine type 'x86' conflicts with target machine type 'x64'
C:\SFML-2.5.1\lib\sfml-audio-d.lib : warning LNK4272: library machine type 'x86' conflicts with target machine type 'x64'
C:\SFML-2.5.1\lib\sfml-network-d.lib : warning LNK4272: library machine type 'x86' conflicts with target machine type 'x64'
C:\Users\gameuser\Desktop\Games4\AI\AI-Lab\Formation\x64\Debug\Formation.exe : fatal error LNK1120: 53 unresolved externals
